Flow report for CPU1
Sat Aug 17 15:46:32 2024
Quartus Prime Version 18.1.0 Build 625 09/12/2018 SJ Lite Edition


---------------------
; Table of Contents ;
---------------------
  1. Legal Notice
  2. Flow Summary
  3. Flow Settings
  4. Flow Non-Default Global Settings
  5. Flow Elapsed Time
  6. Flow OS Summary
  7. Flow Log
  8. Flow Messages
  9. Flow Suppressed Messages



----------------
; Legal Notice ;
----------------
Copyright (C) 2018  Intel Corporation. All rights reserved.
Your use of Intel Corporation's design tools, logic functions 
and other software and tools, and its AMPP partner logic 
functions, and any output files from any of the foregoing 
(including device programming or simulation files), and any 
associated documentation or information are expressly subject 
to the terms and conditions of the Intel Program License 
Subscription Agreement, the Intel Quartus Prime License Agreement,
the Intel FPGA IP License Agreement, or other applicable license
agreement, including, without limitation, that your use is for
the sole purpose of programming logic devices manufactured by
Intel and sold by Intel or its authorized distributors.  Please
refer to the applicable agreement for further details.



+-------------------------------------------------------------------------------+
; Flow Summary                                                                  ;
+---------------------------------+---------------------------------------------+
; Flow Status                     ; Successful - Sat Aug 17 15:46:32 2024       ;
; Quartus Prime Version           ; 18.1.0 Build 625 09/12/2018 SJ Lite Edition ;
; Revision Name                   ; CPU1                                        ;
; Top-level Entity Name           ; cpu_inst                                    ;
; Family                          ; Cyclone V                                   ;
; Device                          ; 5CSEMA5F31C6                                ;
; Timing Models                   ; Final                                       ;
; Logic utilization (in ALMs)     ; 865 / 32,070 ( 3 % )                        ;
; Total registers                 ; 1219                                        ;
; Total pins                      ; 49 / 457 ( 11 % )                           ;
; Total virtual pins              ; 0                                           ;
; Total block memory bits         ; 44,032 / 4,065,280 ( 1 % )                  ;
; Total DSP Blocks                ; 0 / 87 ( 0 % )                              ;
; Total HSSI RX PCSs              ; 0                                           ;
; Total HSSI PMA RX Deserializers ; 0                                           ;
; Total HSSI TX PCSs              ; 0                                           ;
; Total HSSI PMA TX Serializers   ; 0                                           ;
; Total PLLs                      ; 0 / 6 ( 0 % )                               ;
; Total DLLs                      ; 0 / 4 ( 0 % )                               ;
+---------------------------------+---------------------------------------------+


+-----------------------------------------+
; Flow Settings                           ;
+-------------------+---------------------+
; Option            ; Setting             ;
+-------------------+---------------------+
; Start date & time ; 08/17/2024 15:44:22 ;
; Main task         ; Compilation         ;
; Revision Name     ; CPU1                ;
+-------------------+---------------------+


+--------------------------------------------------------------------------------------------------------------------------------------------+
; Flow Non-Default Global Settings                                                                                                           ;
+-------------------------------------+-------------------------------------------------------+---------------+-------------+----------------+
; Assignment Name                     ; Value                                                 ; Default Value ; Entity Name ; Section Id     ;
+-------------------------------------+-------------------------------------------------------+---------------+-------------+----------------+
; COMPILER_SIGNATURE_ID               ; 247207023016729.172393466109072                       ; --            ; --          ; --             ;
; EDA_OUTPUT_DATA_FORMAT              ; Verilog Hdl                                           ; --            ; --          ; eda_simulation ;
; EDA_SIMULATION_TOOL                 ; ModelSim (Verilog)                                    ; <None>        ; --          ; --             ;
; EDA_TIME_SCALE                      ; 1 ps                                                  ; --            ; --          ; eda_simulation ;
; MAX_CORE_JUNCTION_TEMP              ; 85                                                    ; --            ; --          ; --             ;
; MIN_CORE_JUNCTION_TEMP              ; 0                                                     ; --            ; --          ; --             ;
; MISC_FILE                           ; NIOS/cpu/synthesis/../cpu.cmp                         ; --            ; --          ; --             ;
; MISC_FILE                           ; NIOS/cpu/synthesis/../../cpu.qsys                     ; --            ; --          ; --             ;
; PARTITION_COLOR                     ; -- (Not supported for targeted family)                ; --            ; cpu_inst    ; Top            ;
; PARTITION_FITTER_PRESERVATION_LEVEL ; -- (Not supported for targeted family)                ; --            ; cpu_inst    ; Top            ;
; PARTITION_NETLIST_TYPE              ; -- (Not supported for targeted family)                ; --            ; cpu_inst    ; Top            ;
; POWER_BOARD_THERMAL_MODEL           ; None (CONSERVATIVE)                                   ; --            ; --          ; --             ;
; POWER_PRESET_COOLING_SOLUTION       ; 23 MM HEAT SINK WITH 200 LFPM AIRFLOW                 ; --            ; --          ; --             ;
; PROJECT_OUTPUT_DIRECTORY            ; output_files                                          ; --            ; --          ; --             ;
; SLD_FILE                            ; NIOS/cpu/synthesis/cpu.regmap                         ; --            ; --          ; --             ;
; SLD_FILE                            ; NIOS/cpu/synthesis/cpu.debuginfo                      ; --            ; --          ; --             ;
; SLD_INFO                            ; QSYS_NAME cpu HAS_SOPCINFO 1 GENERATION_ID 1723787673 ; --            ; cpu         ; --             ;
; SOPCINFO_FILE                       ; NIOS/cpu/synthesis/../../cpu.sopcinfo                 ; --            ; --          ; --             ;
; SYNTHESIS_ONLY_QIP                  ; On                                                    ; --            ; --          ; --             ;
; TOP_LEVEL_ENTITY                    ; cpu_inst                                              ; CPU1          ; --          ; --             ;
+-------------------------------------+-------------------------------------------------------+---------------+-------------+----------------+


+--------------------------------------------------------------------------------------------------------------------------+
; Flow Elapsed Time                                                                                                        ;
+----------------------+--------------+-------------------------+---------------------+------------------------------------+
; Module Name          ; Elapsed Time ; Average Processors Used ; Peak Virtual Memory ; Total CPU Time (on all processors) ;
+----------------------+--------------+-------------------------+---------------------+------------------------------------+
; Analysis & Synthesis ; 00:00:34     ; 1.0                     ; 4997 MB             ; 00:00:51                           ;
; Fitter               ; 00:01:02     ; 1.1                     ; 6698 MB             ; 00:01:45                           ;
; Assembler            ; 00:00:10     ; 1.0                     ; 4845 MB             ; 00:00:08                           ;
; Timing Analyzer      ; 00:00:10     ; 1.7                     ; 5195 MB             ; 00:00:13                           ;
; EDA Netlist Writer   ; 00:00:04     ; 1.0                     ; 4775 MB             ; 00:00:04                           ;
; Total                ; 00:02:00     ; --                      ; --                  ; 00:03:01                           ;
+----------------------+--------------+-------------------------+---------------------+------------------------------------+


+------------------------------------------------------------------------------------+
; Flow OS Summary                                                                    ;
+----------------------+------------------+------------+------------+----------------+
; Module Name          ; Machine Hostname ; OS Name    ; OS Version ; Processor type ;
+----------------------+------------------+------------+------------+----------------+
; Analysis & Synthesis ; DESKTOP-T4F0EA0  ; Windows 10 ; 10.0       ; x86_64         ;
; Fitter               ; DESKTOP-T4F0EA0  ; Windows 10 ; 10.0       ; x86_64         ;
; Assembler            ; DESKTOP-T4F0EA0  ; Windows 10 ; 10.0       ; x86_64         ;
; Timing Analyzer      ; DESKTOP-T4F0EA0  ; Windows 10 ; 10.0       ; x86_64         ;
; EDA Netlist Writer   ; DESKTOP-T4F0EA0  ; Windows 10 ; 10.0       ; x86_64         ;
+----------------------+------------------+------------+------------+----------------+


------------
; Flow Log ;
------------
quartus_map --read_settings_files=on --write_settings_files=off CPU1 -c CPU1
quartus_fit --read_settings_files=off --write_settings_files=off CPU1 -c CPU1
quartus_asm --read_settings_files=off --write_settings_files=off CPU1 -c CPU1
quartus_sta CPU1 -c CPU1
quartus_eda --read_settings_files=off --write_settings_files=off CPU1 -c CPU1



