00:50:34 **** Incremental Build of configuration Nios II for project AlarmClock ****
make all 
Info: Building ../AlarmClock_bsp/
C:/intelFPGA_lite/18.1/nios2eds/bin/gnu/H-x86_64-mingw32/bin/make --no-print-directory -C ../AlarmClock_bsp/
[BSP build complete]
Info: Compiling hello_world_small.c to obj/default/hello_world_small.o
nios2-elf-gcc -xc -MP -MMD -c -I../AlarmClock_bsp//HAL/inc -I../AlarmClock_bsp/ -I../AlarmClock_bsp//drivers/inc  -pipe -D__hal__ -DALT_NO_C_PLUS_PLUS -DALT_NO_CLEAN_EXIT -D'exit(a)=_exit(a)' -DALT_NO_EXIT -DALT_USE_DIRECT_DRIVERS -DALT_NO_INSTRUCTION_EMULATION -DALT_USE_SMALL_DRIVERS -DSMALL_C_LIB -DALT_SINGLE_THREADED    -Os -g -Wall   -mno-hw-div -mno-hw-mul -mno-hw-mulx -mgpopt=global  -o obj/default/hello_world_small.o hello_world_small.c
Info: Linking AlarmClock.elf
nios2-elf-g++  -T'../AlarmClock_bsp//linker.x' -msys-crt0='../AlarmClock_bsp//obj/HAL/src/crt0.o' -msys-lib=hal_bsp -L../AlarmClock_bsp/  -msmallc  -Wl,-Map=AlarmClock.map   -Os -g -Wall   -mno-hw-div -mno-hw-mul -mno-hw-mulx -mgpopt=global  -o AlarmClock.elf obj/default/hello_world_small.o -lm -msys-lib=m
nios2-elf-insert AlarmClock.elf --thread_model hal --cpu_name CPU --qsys true --simulation_enabled false --stderr_dev JTAG --stdin_dev JTAG --stdout_dev JTAG --sopc_system_name cpu --quartus_project_dir "C:/Users/caman/Documents/Repos/AlarmClock/CPU1/NIOS" --sopcinfo C:/Users/caman/Documents/Repos/AlarmClock/CPU1/NIOS/software/AlarmClock_bsp/../../cpu.sopcinfo
Info: (AlarmClock.elf) 3448 Bytes program size (code + initialized data).
Info:                  604 Bytes free for stack + heap.
Info: Creating AlarmClock.objdump
nios2-elf-objdump --disassemble --syms --all-header --source AlarmClock.elf >AlarmClock.objdump
[AlarmClock build complete]
00:50:43 **** Build of configuration Nios II for project AlarmClock ****
make all 
Info: Building ../AlarmClock_bsp/
C:/intelFPGA_lite/18.1/nios2eds/bin/gnu/H-x86_64-mingw32/bin/make --no-print-directory -C ../AlarmClock_bsp/
[BSP build complete]
[AlarmClock build complete]
00:50:45 **** Incremental Build of configuration Nios II for project AlarmClock ****
make all 
Info: Building ../AlarmClock_bsp/
C:/intelFPGA_lite/18.1/nios2eds/bin/gnu/H-x86_64-mingw32/bin/make --no-print-directory -C ../AlarmClock_bsp/
[BSP build complete]
[AlarmClock build complete]
